<?xml version="1.0" encoding="UTF-8"?>
<!-- Generated by org.testng.reporters.JUnitXMLReporter -->
<testsuite ignored="0" hostname="TTPL-LNV-0106" failures="0" tests="5" name="Default test" time="13.496" errors="0" timestamp="2026-05-03T13:14:28 IST">
  <testcase classname="api.test.BookingTests" name="testCreateBooking" time="3.758"/>
  <testcase classname="api.test.BookingTests" name="testGetBooking" time="1.629"/>
  <testcase classname="api.test.BookingTests" name="testUpdateBooking" time="3.273"/>
  <testcase classname="api.test.BookingTests" name="testDeleteBooking" time="3.152"/>
  <testcase classname="api.test.BookingTests" name="testVerifyDeletedBooking" time="1.478"/>
</testsuite> <!-- Default test -->
