<?xml version="1.0" encoding="UTF-8"?>
<!-- Generated by org.testng.reporters.JUnitXMLReporter -->
<testsuite ignored="0" hostname="TTPL-LNV-0106" failures="0" tests="8" name="Test" time="32.494" errors="0" timestamp="2026-05-03T14:19:12 IST">
  <testcase classname="api.test.BookingTests" name="testCreateBooking" time="3.02"/>
  <testcase classname="api.test.BookingTests" name="testGetBooking" time="1.341"/>
  <testcase classname="api.test.BookingTests" name="testUpdateBooking" time="2.65"/>
  <testcase classname="api.test.BookingTests" name="testDeleteBooking" time="2.647"/>
  <testcase classname="api.test.BookingTests" name="testVerifyDeletedBooking" time="1.311"/>
  <testcase classname="api.test.BookingDataDrivenTests" name="testEndToEndFlowFromExcel" time="6.389"/>
  <testcase classname="api.test.BookingDataDrivenTests" name="testEndToEndFlowFromExcel" time="6.53"/>
  <testcase classname="api.test.BookingDataDrivenTests" name="testEndToEndFlowFromExcel" time="6.615"/>
</testsuite> <!-- Test -->
