<?xml version="1.0" encoding="UTF-8"?>
<!-- Generated by org.testng.reporters.JUnitReportReporter -->
<testsuite hostname="TTPL-LNV-0106" failures="0" tests="5" name="api.test.BookingTests" time="10.969" errors="0" timestamp="2026-05-03T14:19:12 IST" skipped="0">
  <testcase classname="api.test.BookingTests" name="testCreateBooking" time="3.020"/>
  <testcase classname="api.test.BookingTests" name="testGetBooking" time="1.341"/>
  <testcase classname="api.test.BookingTests" name="testUpdateBooking" time="2.650"/>
  <testcase classname="api.test.BookingTests" name="testDeleteBooking" time="2.647"/>
  <testcase classname="api.test.BookingTests" name="testVerifyDeletedBooking" time="1.311"/>
</testsuite> <!-- api.test.BookingTests -->
