<?xml version="1.0" encoding="UTF-8"?>
<!-- Generated by org.testng.reporters.JUnitReportReporter -->
<testsuite hostname="TTPL-LNV-0106" failures="0" tests="3" name="api.test.BookingDataDrivenTests" time="19.534" errors="0" timestamp="2026-05-03T14:19:12 IST" skipped="0">
  <testcase classname="api.test.BookingDataDrivenTests" name="testEndToEndFlowFromExcel" time="6.389"/>
  <testcase classname="api.test.BookingDataDrivenTests" name="testEndToEndFlowFromExcel" time="6.615"/>
  <testcase classname="api.test.BookingDataDrivenTests" name="testEndToEndFlowFromExcel" time="6.530"/>
</testsuite> <!-- api.test.BookingDataDrivenTests -->
